<?xml version="1.0" encoding="UTF-8"?>
<testsuite xmlns:xsi="http://www.w3.org/2001/XMLSchema-instance" xsi:noNamespaceSchemaLocation="https://maven.apache.org/surefire/maven-surefire-plugin/xsd/surefire-test-report.xsd" name="TestSuite" time="1.881" tests="2" errors="0" skipped="0" failures="2">
  <properties>
    <property name="gopherProxySet" value="false"/>
    <property name="awt.toolkit" value="sun.lwawt.macosx.LWCToolkit"/>
    <property name="file.encoding.pkg" value="sun.io"/>
    <property name="java.specification.version" value="1.8"/>
    <property name="sun.cpu.isalist" value=""/>
    <property name="sun.jnu.encoding" value="UTF-8"/>
    <property name="java.class.path" value="/Users/Ben/eclipse-workspace/jenkins-test/target/test-classes:/Users/Ben/eclipse-workspace/jenkins-test/target/classes:/Users/Ben/lib/org/apache/httpcomponents/httpclient/4.1.2/httpclient-4.1.2.jar:/Users/Ben/lib/org/apache/httpcomponents/httpcore/4.1.2/httpcore-4.1.2.jar:/Users/Ben/lib/commons-codec/commons-codec/1.4/commons-codec-1.4.jar:/Users/Ben/lib/org/json/json/20170516/json-20170516.jar:/Users/Ben/lib/org/mybatis/mybatis/3.4.4/mybatis-3.4.4.jar:/Users/Ben/lib/mysql/mysql-connector-java/5.1.6/mysql-connector-java-5.1.6.jar:/Users/Ben/lib/org/projectlombok/lombok/1.16.14/lombok-1.16.14.jar:/Users/Ben/lib/com/relevantcodes/extentreports/2.41.1/extentreports-2.41.1.jar:/Users/Ben/lib/org/jsoup/jsoup/1.8.3/jsoup-1.8.3.jar:/Users/Ben/lib/org/xerial/sqlite-jdbc/3.8.11.1/sqlite-jdbc-3.8.11.1.jar:/Users/Ben/lib/org/freemarker/freemarker/2.3.23/freemarker-2.3.23.jar:/Users/Ben/lib/org/mongodb/mongodb-driver/3.0.4/mongodb-driver-3.0.4.jar:/Users/Ben/lib/org/mongodb/bson/3.0.4/bson-3.0.4.jar:/Users/Ben/lib/org/mongodb/mongodb-driver-core/3.0.4/mongodb-driver-core-3.0.4.jar:/Users/Ben/lib/com/vimalselvam/testng-extentsreport/1.3.1/testng-extentsreport-1.3.1.jar:/Users/Ben/lib/com/google/guava/guava/20.0/guava-20.0.jar:/Users/Ben/lib/com/aventstack/extentreports/3.0.6/extentreports-3.0.6.jar:/Users/Ben/lib/org/apache/httpcomponents/httpmime/4.5.2/httpmime-4.5.2.jar:/Users/Ben/lib/org/testng/testng/6.10/testng-6.10.jar:/Users/Ben/lib/com/beust/jcommander/1.48/jcommander-1.48.jar:/Users/Ben/lib/commons-logging/commons-logging/1.2/commons-logging-1.2.jar:"/>
    <property name="java.vm.vendor" value="Oracle Corporation"/>
    <property name="sun.arch.data.model" value="64"/>
    <property name="java.vendor.url" value="http://java.oracle.com/"/>
    <property name="user.timezone" value="Asia/Shanghai"/>
    <property name="user.country.format" value="CN"/>
    <property name="java.vm.specification.version" value="1.8"/>
    <property name="os.name" value="Mac OS X"/>
    <property name="user.country" value="US"/>
    <property name="sun.java.launcher" value="SUN_STANDARD"/>
    <property name="sun.boot.library.path" value="/Library/Java/JavaVirtualMachines/jdk1.8.0_40.jdk/Contents/Home/jre/lib"/>
    <property name="sun.java.command" value="/Users/Ben/eclipse-workspace/jenkins-test/target/surefire/surefirebooter5555625698999557519.jar /Users/Ben/eclipse-workspace/jenkins-test/target/surefire 2018-11-30T14-20-38_954-jvmRun1 surefire5723186389205446959tmp surefire_05454899966258149859tmp"/>
    <property name="http.nonProxyHosts" value="local|*.local|169.254/16|*.169.254/16"/>
    <property name="surefire.test.class.path" value="/Users/Ben/eclipse-workspace/jenkins-test/target/test-classes:/Users/Ben/eclipse-workspace/jenkins-test/target/classes:/Users/Ben/lib/org/apache/httpcomponents/httpclient/4.1.2/httpclient-4.1.2.jar:/Users/Ben/lib/org/apache/httpcomponents/httpcore/4.1.2/httpcore-4.1.2.jar:/Users/Ben/lib/commons-codec/commons-codec/1.4/commons-codec-1.4.jar:/Users/Ben/lib/org/json/json/20170516/json-20170516.jar:/Users/Ben/lib/org/mybatis/mybatis/3.4.4/mybatis-3.4.4.jar:/Users/Ben/lib/mysql/mysql-connector-java/5.1.6/mysql-connector-java-5.1.6.jar:/Users/Ben/lib/org/projectlombok/lombok/1.16.14/lombok-1.16.14.jar:/Users/Ben/lib/com/relevantcodes/extentreports/2.41.1/extentreports-2.41.1.jar:/Users/Ben/lib/org/jsoup/jsoup/1.8.3/jsoup-1.8.3.jar:/Users/Ben/lib/org/xerial/sqlite-jdbc/3.8.11.1/sqlite-jdbc-3.8.11.1.jar:/Users/Ben/lib/org/freemarker/freemarker/2.3.23/freemarker-2.3.23.jar:/Users/Ben/lib/org/mongodb/mongodb-driver/3.0.4/mongodb-driver-3.0.4.jar:/Users/Ben/lib/org/mongodb/bson/3.0.4/bson-3.0.4.jar:/Users/Ben/lib/org/mongodb/mongodb-driver-core/3.0.4/mongodb-driver-core-3.0.4.jar:/Users/Ben/lib/com/vimalselvam/testng-extentsreport/1.3.1/testng-extentsreport-1.3.1.jar:/Users/Ben/lib/com/google/guava/guava/20.0/guava-20.0.jar:/Users/Ben/lib/com/aventstack/extentreports/3.0.6/extentreports-3.0.6.jar:/Users/Ben/lib/org/apache/httpcomponents/httpmime/4.5.2/httpmime-4.5.2.jar:/Users/Ben/lib/org/testng/testng/6.10/testng-6.10.jar:/Users/Ben/lib/com/beust/jcommander/1.48/jcommander-1.48.jar:/Users/Ben/lib/commons-logging/commons-logging/1.2/commons-logging-1.2.jar:"/>
    <property name="sun.cpu.endian" value="little"/>
    <property name="user.home" value="/Users/Ben"/>
    <property name="user.language" value="en"/>
    <property name="java.specification.vendor" value="Oracle Corporation"/>
    <property name="java.home" value="/Library/Java/JavaVirtualMachines/jdk1.8.0_40.jdk/Contents/Home/jre"/>
    <property name="basedir" value="/Users/Ben/eclipse-workspace/jenkins-test"/>
    <property name="file.separator" value="/"/>
    <property name="line.separator" value="&#10;"/>
    <property name="java.vm.specification.vendor" value="Oracle Corporation"/>
    <property name="java.specification.name" value="Java Platform API Specification"/>
    <property name="java.awt.graphicsenv" value="sun.awt.CGraphicsEnvironment"/>
    <property name="surefire.real.class.path" value="/Users/Ben/eclipse-workspace/jenkins-test/target/surefire/surefirebooter5555625698999557519.jar"/>
    <property name="sun.boot.class.path" value="/Library/Java/JavaVirtualMachines/jdk1.8.0_40.jdk/Contents/Home/jre/lib/resources.jar:/Library/Java/JavaVirtualMachines/jdk1.8.0_40.jdk/Contents/Home/jre/lib/rt.jar:/Library/Java/JavaVirtualMachines/jdk1.8.0_40.jdk/Contents/Home/jre/lib/sunrsasign.jar:/Library/Java/JavaVirtualMachines/jdk1.8.0_40.jdk/Contents/Home/jre/lib/jsse.jar:/Library/Java/JavaVirtualMachines/jdk1.8.0_40.jdk/Contents/Home/jre/lib/jce.jar:/Library/Java/JavaVirtualMachines/jdk1.8.0_40.jdk/Contents/Home/jre/lib/charsets.jar:/Library/Java/JavaVirtualMachines/jdk1.8.0_40.jdk/Contents/Home/jre/lib/jfr.jar:/Library/Java/JavaVirtualMachines/jdk1.8.0_40.jdk/Contents/Home/jre/classes"/>
    <property name="sun.management.compiler" value="HotSpot 64-Bit Tiered Compilers"/>
    <property name="ftp.nonProxyHosts" value="local|*.local|169.254/16|*.169.254/16"/>
    <property name="java.runtime.version" value="1.8.0_40-b27"/>
    <property name="user.name" value="Ben"/>
    <property name="path.separator" value=":"/>
    <property name="os.version" value="10.12.6"/>
    <property name="java.endorsed.dirs" value="/Library/Java/JavaVirtualMachines/jdk1.8.0_40.jdk/Contents/Home/jre/lib/endorsed"/>
    <property name="java.runtime.name" value="Java(TM) SE Runtime Environment"/>
    <property name="file.encoding" value="UTF-8"/>
    <property name="java.vm.name" value="Java HotSpot(TM) 64-Bit Server VM"/>
    <property name="localRepository" value="/Users/Ben/lib"/>
    <property name="java.vendor.url.bug" value="http://bugreport.sun.com/bugreport/"/>
    <property name="java.io.tmpdir" value="/var/folders/mz/l6tth7sx1qdbz95ns3c8d73w0000gn/T/"/>
    <property name="java.version" value="1.8.0_40"/>
    <property name="user.dir" value="/Users/Ben/eclipse-workspace/jenkins-test"/>
    <property name="os.arch" value="x86_64"/>
    <property name="java.vm.specification.name" value="Java Virtual Machine Specification"/>
    <property name="java.awt.printerjob" value="sun.lwawt.macosx.CPrinterJob"/>
    <property name="sun.os.patch.level" value="unknown"/>
    <property name="java.library.path" value="/Users/Ben/Library/Java/Extensions:/Library/Java/Extensions:/Network/Library/Java/Extensions:/System/Library/Java/Extensions:/usr/lib/java:."/>
    <property name="java.vm.info" value="mixed mode"/>
    <property name="java.vendor" value="Oracle Corporation"/>
    <property name="java.vm.version" value="25.40-b25"/>
    <property name="java.ext.dirs" value="/Users/Ben/Library/Java/Extensions:/Library/Java/JavaVirtualMachines/jdk1.8.0_40.jdk/Contents/Home/jre/lib/ext:/Library/Java/Extensions:/Network/Library/Java/Extensions:/System/Library/Java/Extensions:/usr/lib/java"/>
    <property name="sun.io.unicode.encoding" value="UnicodeBig"/>
    <property name="java.class.version" value="52.0"/>
    <property name="socksNonProxyHosts" value="local|*.local|169.254/16|*.169.254/16"/>
  </properties>
  <testcase name="loginTrue" classname="com.test.jenkins.cases.LoginTest" time="0.695">
    <failure message="Connection to http://localhost:8889 refused" type="org.apache.http.conn.HttpHostConnectException">org.apache.http.conn.HttpHostConnectException: Connection to http://localhost:8889 refused
	at com.test.jenkins.cases.LoginTest.getResult(LoginTest.java:75)
	at com.test.jenkins.cases.LoginTest.loginTrue(LoginTest.java:42)
Caused by: java.net.ConnectException: Connection refused
	at com.test.jenkins.cases.LoginTest.getResult(LoginTest.java:75)
	at com.test.jenkins.cases.LoginTest.loginTrue(LoginTest.java:42)
</failure>
    <system-out><![CDATA[[TestNGContentHandler] [WARN] It is strongly recommended to add "<!DOCTYPE suite SYSTEM "http://testng.org/testng-1.0.dtd" >" at the top of your file, otherwise TestNG may fail or not work as expected.
LoginCase(id=1, userName=wujing, password=123123, expected={"result":"true"})
http://localhost:8889/v1/login
]]></system-out>
  </testcase>
  <testcase name="loginFalse" classname="com.test.jenkins.cases.LoginTest" time="0.035">
    <failure message="Connection to http://localhost:8889 refused" type="org.apache.http.conn.HttpHostConnectException">org.apache.http.conn.HttpHostConnectException: Connection to http://localhost:8889 refused
	at com.test.jenkins.cases.LoginTest.getResult(LoginTest.java:75)
	at com.test.jenkins.cases.LoginTest.loginFalse(LoginTest.java:56)
Caused by: java.net.ConnectException: Connection refused
	at com.test.jenkins.cases.LoginTest.getResult(LoginTest.java:75)
	at com.test.jenkins.cases.LoginTest.loginFalse(LoginTest.java:56)
</failure>
    <system-out><![CDATA[LoginCase(id=2, userName=wuyihang, password=123123, expected=false)
http://localhost:8889/v1/login
]]></system-out>
  </testcase>
</testsuite>