<?xml version="1.0" encoding="UTF-8"?>
<!-- Generated by org.testng.reporters.JUnitReportReporter -->
<testsuite name="com.test.jenkins.cases.LoginTest" tests="2" time="0.667" ignored="0" failures="0" timestamp="30 Nov 2018 06:37:27 GMT" skipped="0" hostname="wujings-MBP.lan" errors="0">
  <testcase name="loginFalse" time="0.048" classname="com.test.jenkins.cases.LoginTest"/>
  <testcase name="loginTrue" time="0.619" classname="com.test.jenkins.cases.LoginTest"/>
</testsuite> <!-- com.test.jenkins.cases.LoginTest -->
